This is pdfTeX, Version 3.14159265-2.6-1.40.20 (MiKTeX 2.9.7140 64-bit) (preloaded format=pdflatex 2019.9.23)  18 FEB 2021 00:08
entering extended mode
**./report.tex
(report.tex
LaTeX2e <2018-12-01>
("D:\New folder\tex/latex/base\article.cls"
Document Class: article 2018/09/03 v1.4i Standard LaTeX document class
("D:\New folder\tex/latex/base\size10.clo"
File: size10.clo 2018/09/03 v1.4i Standard LaTeX file (size option)
)
\c@part=\count80
\c@section=\count81
\c@subsection=\count82
\c@subsubsection=\count83
\c@paragraph=\count84
\c@subparagraph=\count85
\c@figure=\count86
\c@table=\count87
\abovecaptionskip=\skip41
\belowcaptionskip=\skip42
\bibindent=\dimen102
)
("D:\New folder\tex/latex/geometry\geometry.sty"
Package: geometry 2018/04/16 v5.8 Page Geometry

("D:\New folder\tex/latex/graphics\keyval.sty"
Package: keyval 2014/10/28 v1.15 key=value parser (DPC)
\KV@toks@=\toks14
)
("D:\New folder\tex/generic/oberdiek\ifpdf.sty"
Package: ifpdf 2018/09/07 v3.3 Provides the ifpdf switch
)
("D:\New folder\tex/generic/oberdiek\ifvtex.sty"
Package: ifvtex 2016/05/16 v1.6 Detect VTeX and its facilities (HO)
Package ifvtex Info: VTeX not detected.
)
("D:\New folder\tex/generic/ifxetex\ifxetex.sty"
Package: ifxetex 2010/09/12 v0.6 Provides ifxetex conditional
)
\Gm@cnth=\count88
\Gm@cntv=\count89
\c@Gm@tempcnt=\count90
\Gm@bindingoffset=\dimen103
\Gm@wd@mp=\dimen104
\Gm@odd@mp=\dimen105
\Gm@even@mp=\dimen106
\Gm@layoutwidth=\dimen107
\Gm@layoutheight=\dimen108
\Gm@layouthoffset=\dimen109
\Gm@layoutvoffset=\dimen110
\Gm@dimlist=\toks15

("D:\New folder\tex/latex/geometry\geometry.cfg"))
(C:\Users\moter\AppData\Roaming\MiKTeX\2.9\tex/latex/listings\listings.sty
\lst@mode=\count91
\lst@gtempboxa=\box27
\lst@token=\toks16
\lst@length=\count92
\lst@currlwidth=\dimen111
\lst@column=\count93
\lst@pos=\count94
\lst@lostspace=\dimen112
\lst@width=\dimen113
\lst@newlines=\count95
\lst@lineno=\count96
\lst@maxwidth=\dimen114

(C:\Users\moter\AppData\Roaming\MiKTeX\2.9\tex/latex/listings\lstmisc.sty
File: lstmisc.sty 2019/09/10 1.8c (Carsten Heinz)
\c@lstnumber=\count97
\lst@skipnumbers=\count98
\lst@framebox=\box28
)
(C:\Users\moter\AppData\Roaming\MiKTeX\2.9\tex/latex/listings\listings.cfg
File: listings.cfg 2019/09/10 1.8c listings configuration
))
Package: listings 2019/09/10 1.8c (Carsten Heinz)

("D:\New folder\tex/latex/amsmath\amsmath.sty"
Package: amsmath 2018/12/01 v2.17b AMS math features
\@mathmargin=\skip43

For additional information on amsmath, use the `?' option.
("D:\New folder\tex/latex/amsmath\amstext.sty"
Package: amstext 2000/06/29 v2.01 AMS text

("D:\New folder\tex/latex/amsmath\amsgen.sty"
File: amsgen.sty 1999/11/30 v2.0 generic functions
\@emptytoks=\toks17
\ex@=\dimen115
))
("D:\New folder\tex/latex/amsmath\amsbsy.sty"
Package: amsbsy 1999/11/29 v1.2d Bold Symbols
\pmbraise@=\dimen116
)
("D:\New folder\tex/latex/amsmath\amsopn.sty"
Package: amsopn 2016/03/08 v2.02 operator names
)
\inf@bad=\count99
LaTeX Info: Redefining \frac on input line 223.
\uproot@=\count100
\leftroot@=\count101
LaTeX Info: Redefining \overline on input line 385.
\classnum@=\count102
\DOTSCASE@=\count103
LaTeX Info: Redefining \ldots on input line 482.
LaTeX Info: Redefining \dots on input line 485.
LaTeX Info: Redefining \cdots on input line 606.
\Mathstrutbox@=\box29
\strutbox@=\box30
\big@size=\dimen117
LaTeX Font Info:    Redeclaring font encoding OML on input line 729.
LaTeX Font Info:    Redeclaring font encoding OMS on input line 730.
\macc@depth=\count104
\c@MaxMatrixCols=\count105
\dotsspace@=\muskip10
\c@parentequation=\count106
\dspbrk@lvl=\count107
\tag@help=\toks18
\row@=\count108
\column@=\count109
\maxfields@=\count110
\andhelp@=\toks19
\eqnshift@=\dimen118
\alignsep@=\dimen119
\tagshift@=\dimen120
\tagwidth@=\dimen121
\totwidth@=\dimen122
\lineht@=\dimen123
\@envbody=\toks20
\multlinegap=\skip44
\multlinetaggap=\skip45
\mathdisplay@stack=\toks21
LaTeX Info: Redefining \[ on input line 2844.
LaTeX Info: Redefining \] on input line 2845.
)
("D:\New folder\tex/latex/amscls\amsthm.sty"
Package: amsthm 2017/10/31 v2.20.4
\thm@style=\toks22
\thm@bodyfont=\toks23
\thm@headfont=\toks24
\thm@notefont=\toks25
\thm@headpunct=\toks26
\thm@preskip=\skip46
\thm@postskip=\skip47
\thm@headsep=\skip48
\dth@everypar=\toks27
)
("D:\New folder\tex/latex/amsfonts\amssymb.sty"
Package: amssymb 2013/01/14 v3.01 AMS font symbols

("D:\New folder\tex/latex/amsfonts\amsfonts.sty"
Package: amsfonts 2013/01/14 v3.01 Basic AMSFonts support
\symAMSa=\mathgroup4
\symAMSb=\mathgroup5
LaTeX Font Info:    Overwriting math alphabet `\mathfrak' in version `bold'
(Font)                  U/euf/m/n --> U/euf/b/n on input line 106.
))
("D:\New folder\tex/latex/graphics\graphicx.sty"
Package: graphicx 2017/06/01 v1.1a Enhanced LaTeX Graphics (DPC,SPQR)

("D:\New folder\tex/latex/graphics\graphics.sty"
Package: graphics 2017/06/25 v1.2c Standard LaTeX Graphics (DPC,SPQR)

("D:\New folder\tex/latex/graphics\trig.sty"
Package: trig 2016/01/03 v1.10 sin cos tan (DPC)
)
("D:\New folder\tex/latex/graphics-cfg\graphics.cfg"
File: graphics.cfg 2016/06/04 v1.11 sample graphics configuration
)
Package graphics Info: Driver file: pdftex.def on input line 99.

("D:\New folder\tex/latex/graphics-def\pdftex.def"
File: pdftex.def 2018/01/08 v1.0l Graphics/color driver for pdftex
))
\Gin@req@height=\dimen124
\Gin@req@width=\dimen125
) (report.aux)
\openout1 = `report.aux'.

LaTeX Font Info:    Checking defaults for OML/cmm/m/it on input line 13.
LaTeX Font Info:    ... okay on input line 13.
LaTeX Font Info:    Checking defaults for T1/cmr/m/n on input line 13.
LaTeX Font Info:    ... okay on input line 13.
LaTeX Font Info:    Checking defaults for OT1/cmr/m/n on input line 13.
LaTeX Font Info:    ... okay on input line 13.
LaTeX Font Info:    Checking defaults for OMS/cmsy/m/n on input line 13.
LaTeX Font Info:    ... okay on input line 13.
LaTeX Font Info:    Checking defaults for OMX/cmex/m/n on input line 13.
LaTeX Font Info:    ... okay on input line 13.
LaTeX Font Info:    Checking defaults for U/cmr/m/n on input line 13.
LaTeX Font Info:    ... okay on input line 13.

*geometry* driver: auto-detecting
*geometry* detected driver: pdftex
*geometry* verbose mode - [ preamble ] result:
* driver: pdftex
* paper: <default>
* layout: <same size as paper>
* layoutoffset:(h,v)=(0.0pt,0.0pt)
* modes: 
* h-part:(L,W,R)=(12.14749pt, 590.0pt, 12.1475pt)
* v-part:(T,H,B)=(20.0pt, 739.96999pt, 35.0pt)
* \paperwidth=614.295pt
* \paperheight=794.96999pt
* \textwidth=590.0pt
* \textheight=739.96999pt
* \oddsidemargin=-60.1225pt
* \evensidemargin=-60.1225pt
* \topmargin=-89.26999pt
* \headheight=12.0pt
* \headsep=25.0pt
* \topskip=10.0pt
* \footskip=30.0pt
* \marginparwidth=65.0pt
* \marginparsep=11.0pt
* \columnsep=10.0pt
* \skip\footins=9.0pt plus 4.0pt minus 2.0pt
* \hoffset=0.0pt
* \voffset=0.0pt
* \mag=1000
* \@twocolumnfalse
* \@twosidefalse
* \@mparswitchfalse
* \@reversemarginfalse
* (1in=72.27pt=25.4mm, 1cm=28.453pt)

\c@lstlisting=\count111
(C:\Users\moter\AppData\Roaming\MiKTeX\2.9\tex/context/base/mkii\supp-pdf.mkii
[Loading MPS to PDF converter (version 2006.09.02).]
\scratchcounter=\count112
\scratchdimen=\dimen126
\scratchbox=\box31
\nofMPsegments=\count113
\nofMParguments=\count114
\everyMPshowfont=\toks28
\MPscratchCnt=\count115
\MPscratchDim=\dimen127
\MPnumerator=\count116
\makeMPintoPDFobject=\count117
\everyMPtoPDFconversion=\toks29
) ("D:\New folder\tex/latex/oberdiek\epstopdf-base.sty"
Package: epstopdf-base 2016/05/15 v2.6 Base part for package epstopdf

("D:\New folder\tex/generic/oberdiek\infwarerr.sty"
Package: infwarerr 2016/05/16 v1.4 Providing info/warning/error messages (HO)
)
("D:\New folder\tex/latex/oberdiek\grfext.sty"
Package: grfext 2016/05/16 v1.2 Manage graphics extensions (HO)

("D:\New folder\tex/generic/oberdiek\kvdefinekeys.sty"
Package: kvdefinekeys 2016/05/16 v1.4 Define keys (HO)

("D:\New folder\tex/generic/oberdiek\ltxcmds.sty"
Package: ltxcmds 2016/05/16 v1.23 LaTeX kernel commands for general use (HO)
)))
("D:\New folder\tex/latex/oberdiek\kvoptions.sty"
Package: kvoptions 2016/05/16 v3.12 Key value format for package options (HO)

("D:\New folder\tex/generic/oberdiek\kvsetkeys.sty"
Package: kvsetkeys 2016/05/16 v1.17 Key value parser (HO)

("D:\New folder\tex/generic/oberdiek\etexcmds.sty"
Package: etexcmds 2016/05/16 v1.6 Avoid name clashes with e-TeX commands (HO)

("D:\New folder\tex/generic/oberdiek\ifluatex.sty"
Package: ifluatex 2016/05/16 v1.4 Provides the ifluatex switch (HO)
Package ifluatex Info: LuaTeX not detected.
))))
("D:\New folder\tex/generic/oberdiek\pdftexcmds.sty"
Package: pdftexcmds 2019/07/25 v0.30 Utility functions of pdfTeX for LuaTeX (HO
)
Package pdftexcmds Info: LuaTeX not detected.
Package pdftexcmds Info: \pdf@primitive is available.
Package pdftexcmds Info: \pdf@ifprimitive is available.
Package pdftexcmds Info: \pdfdraftmode found.
)
Package epstopdf-base Info: Redefining graphics rule for `.eps' on input line 4
38.
Package grfext Info: Graphics extension search list:
(grfext)             [.pdf,.png,.jpg,.mps,.jpeg,.jbig2,.jb2,.PDF,.PNG,.JPG,.JPE
G,.JBIG2,.JB2,.eps]
(grfext)             \AppendGraphicsExtensions on input line 456.
) [1

{C:/Users/moter/AppData/Local/MiKTeX/2.9/pdftex/config/pdftex.map}]
LaTeX Font Info:    Try loading font information for U+msa on input line 40.

("D:\New folder\tex/latex/amsfonts\umsa.fd"
File: umsa.fd 2013/01/14 v3.01 AMS symbols A
)
LaTeX Font Info:    Try loading font information for U+msb on input line 40.

("D:\New folder\tex/latex/amsfonts\umsb.fd"
File: umsb.fd 2013/01/14 v3.01 AMS symbols B
)
Underfull \hbox (badness 10000) in paragraph at lines 60--70

 []

[1]
<./pictures/arriveRate_avUnfulfilled.png, id=12, 462.528pt x 346.896pt>
File: ./pictures/arriveRate_avUnfulfilled.png Graphic file (type png)
<use ./pictures/arriveRate_avUnfulfilled.png>
Package pdftex.def Info: ./pictures/arriveRate_avUnfulfilled.png  used on input
 line 80.
(pdftex.def)             Requested size: 165.02606pt x 123.77089pt.
<./pictures/arriveRate_avTimedOut.png, id=14, 462.528pt x 346.896pt>
File: ./pictures/arriveRate_avTimedOut.png Graphic file (type png)
<use ./pictures/arriveRate_avTimedOut.png>
Package pdftex.def Info: ./pictures/arriveRate_avTimedOut.png  used on input li
ne 81.
(pdftex.def)             Requested size: 165.02606pt x 123.77089pt.
<./pictures/change_arriveRate.png, id=15, 462.528pt x 346.896pt>
File: ./pictures/change_arriveRate.png Graphic file (type png)
<use ./pictures/change_arriveRate.png>
Package pdftex.def Info: ./pictures/change_arriveRate.png  used on input line 8
2.
(pdftex.def)             Requested size: 165.02606pt x 123.77089pt.
<./pictures/tillNum_1.png, id=16, 462.528pt x 346.896pt>
File: ./pictures/tillNum_1.png Graphic file (type png)
<use ./pictures/tillNum_1.png>
Package pdftex.def Info: ./pictures/tillNum_1.png  used on input line 92.
(pdftex.def)             Requested size: 167.87108pt x 125.90404pt.
<./pictures/tillNum_3.png, id=17, 462.528pt x 346.896pt>
File: ./pictures/tillNum_3.png Graphic file (type png)
<use ./pictures/tillNum_3.png>
Package pdftex.def Info: ./pictures/tillNum_3.png  used on input line 93.
(pdftex.def)             Requested size: 167.87108pt x 125.90404pt.
<./pictures/tillNum_5.png, id=18, 462.528pt x 346.896pt>
File: ./pictures/tillNum_5.png Graphic file (type png)
<use ./pictures/tillNum_5.png>
Package pdftex.def Info: ./pictures/tillNum_5.png  used on input line 94.
(pdftex.def)             Requested size: 167.87108pt x 125.90404pt.


LaTeX Warning: `h' float specifier changed to `ht'.

<./pictures/maxLen_5.png, id=19, 462.528pt x 346.896pt>
File: ./pictures/maxLen_5.png Graphic file (type png)
<use ./pictures/maxLen_5.png>
Package pdftex.def Info: ./pictures/maxLen_5.png  used on input line 100.
(pdftex.def)             Requested size: 167.87108pt x 125.90404pt.
<./pictures/maxLen_10.png, id=20, 462.528pt x 346.896pt>
File: ./pictures/maxLen_10.png Graphic file (type png)
<use ./pictures/maxLen_10.png>
Package pdftex.def Info: ./pictures/maxLen_10.png  used on input line 101.
(pdftex.def)             Requested size: 167.87108pt x 125.90404pt.
<./pictures/maxLen_15.png, id=21, 462.528pt x 346.896pt>
File: ./pictures/maxLen_15.png Graphic file (type png)
<use ./pictures/maxLen_15.png>
Package pdftex.def Info: ./pictures/maxLen_15.png  used on input line 102.
(pdftex.def)             Requested size: 167.87108pt x 125.90404pt.
[2 <./pictures/arriveRate_avUnfulfilled.png> <./pictures/arriveRate_avTimedOut.
png> <./pictures/change_arriveRate.png>]
<./pictures/heat_map_4-6.png, id=30, 1034.1837pt x 710.4141pt>
File: ./pictures/heat_map_4-6.png Graphic file (type png)
<use ./pictures/heat_map_4-6.png>
Package pdftex.def Info: ./pictures/heat_map_4-6.png  used on input line 109.
(pdftex.def)             Requested size: 256.0748pt x 175.9012pt.
<./pictures/heat_map_6-2.png, id=31, 1030.5702pt x 711.1368pt>
File: ./pictures/heat_map_6-2.png Graphic file (type png)
<use ./pictures/heat_map_6-2.png>
Package pdftex.def Info: ./pictures/heat_map_6-2.png  used on input line 110.
(pdftex.def)             Requested size: 256.0748pt x 176.69865pt.
 [3 <./pictures/tillNum_1.png> <./pictures/tillNum_3.png> <./pictures/tillNum_5
.png> <./pictures/maxLen_5.png> <./pictures/maxLen_10.png> <./pictures/maxLen_1
5.png> <./pictures/heat_map_4-6.png> <./pictures/heat_map_6-2.png>]
<./pictures/arrive_k.png, id=43, 462.528pt x 346.896pt>
File: ./pictures/arrive_k.png Graphic file (type png)
<use ./pictures/arrive_k.png>
Package pdftex.def Info: ./pictures/arrive_k.png  used on input line 137.
(pdftex.def)             Requested size: 241.84842pt x 181.38736pt.
<./pictures/arrive_b.png, id=44, 462.528pt x 346.896pt>
File: ./pictures/arrive_b.png Graphic file (type png)
<use ./pictures/arrive_b.png>
Package pdftex.def Info: ./pictures/arrive_b.png  used on input line 138.
(pdftex.def)             Requested size: 241.84842pt x 181.38736pt.
 [4 <./pictures/arrive_k.png> <./pictures/arrive_b.png>] (report.aux) ) 
Here is how much of TeX's memory you used:
 4275 strings out of 492895
 58203 string characters out of 3139975
 136453 words of memory out of 3000000
 8130 multiletter control sequences out of 15000+200000
 7463 words of font info for 29 fonts, out of 3000000 for 9000
 1141 hyphenation exceptions out of 8191
 41i,23n,32p,832b,231s stack positions out of 5000i,500n,10000p,200000b,50000s
<D:/New 
folder/fonts/type1/public/amsfonts/cm/cmbx10.pfb><D:/New folder/fonts/type1/pub
lic/amsfonts/cm/cmbx12.pfb><D:/New folder/fonts/type1/public/amsfonts/cm/cmex10
.pfb><D:/New folder/fonts/type1/public/amsfonts/cm/cmmi10.pfb><D:/New folder/fo
nts/type1/public/amsfonts/cm/cmr10.pfb><D:/New folder/fonts/type1/public/amsfon
ts/cm/cmr17.pfb><D:/New folder/fonts/type1/public/amsfonts/cm/cmsy10.pfb><D:/Ne
w folder/fonts/type1/public/amsfonts/symbols/msam10.pfb>
Output written on report.pdf (5 pages, 536813 bytes).
PDF statistics:
 77 PDF objects out of 1000 (max. 8388607)
 0 named destinations out of 1000 (max. 500000)
 66 words of extra memory for PDF output out of 10000 (max. 10000000)

